11:30:45,520 TRACE Inicio:36 - Se crean las distintas opciones de juego
11:30:46,990 TRACE Inicio:25 - Se inicia la pantalla de seleccion de niveles
11:30:47,736 TRACE Inicio:31 - Seleccionado nivel 1
11:30:47,739 TRACE Inicio:127 - Creados marcianos nivel 1
12:05:48,715 TRACE Inicio:36 - Se crean las distintas opciones de juego
12:05:50,128 TRACE Inicio:25 - Se inicia la pantalla de seleccion de niveles
12:05:51,725 TRACE Inicio:31 - Seleccionado nivel 1
12:05:51,728 TRACE Inicio:127 - Creados marcianos nivel 1
12:11:42,115 TRACE Inicio:36 - Se crean las distintas opciones de juego
12:11:44,114 TRACE Inicio:25 - Se inicia la pantalla de seleccion de niveles
12:11:45,046 TRACE Inicio:31 - Seleccionado nivel 1
12:11:45,048 TRACE Inicio:127 - Creados marcianos nivel 1
12:12:04,880 TRACE Inicio:36 - Se crean las distintas opciones de juego
12:12:06,362 TRACE Inicio:25 - Se inicia la pantalla de seleccion de niveles
12:12:06,782 TRACE Inicio:31 - Seleccionado nivel 1
12:12:06,788 TRACE Inicio:127 - Creados marcianos nivel 1
12:12:18,231 TRACE Inicio:172 - Final del juego-Game over
12:12:31,247 TRACE Inicio:36 - Se crean las distintas opciones de juego
12:12:32,669 TRACE Inicio:25 - Se inicia la pantalla de seleccion de niveles
12:12:34,845 TRACE Inicio:31 - Seleccionado nivel 1
12:12:34,877 TRACE Inicio:127 - Creados marcianos nivel 1
12:12:48,532 TRACE Inicio:36 - Se crean las distintas opciones de juego
12:12:50,004 TRACE Inicio:25 - Se inicia la pantalla de seleccion de niveles
12:12:50,889 TRACE Inicio:31 - Seleccionado nivel 1
12:12:50,892 TRACE Inicio:127 - Creados marcianos nivel 1
12:13:43,620 TRACE Inicio:36 - Se crean las distintas opciones de juego
12:13:44,888 TRACE Inicio:25 - Se inicia la pantalla de seleccion de niveles
12:13:45,112 TRACE Inicio:31 - Seleccionado nivel 1
12:13:45,115 TRACE Inicio:127 - Creados marcianos nivel 1
12:14:07,199 TRACE Inicio:110 - Has ganado
12:14:10,634 TRACE Inicio:36 - Se crean las distintas opciones de juego
12:14:11,541 TRACE Inicio:25 - Se inicia la pantalla de seleccion de niveles
12:14:12,961 TRACE Inicio:41 - Seleccionado nivel 2
12:14:12,963 TRACE Inicio:137 - Creados marcianos nivel 2
12:14:48,257 TRACE Inicio:110 - Has ganado
12:14:57,665 TRACE Inicio:36 - Se crean las distintas opciones de juego
12:14:58,891 TRACE Inicio:25 - Se inicia la pantalla de seleccion de niveles
12:14:59,329 TRACE Inicio:52 - Seleccionado nivel 3
12:14:59,333 TRACE Inicio:146 - Creados marcianos nivel 3
12:15:35,608 TRACE Inicio:110 - Has ganado
12:16:31,322 TRACE Inicio:36 - Se crean las distintas opciones de juego
12:16:32,379 TRACE Inicio:25 - Se inicia la pantalla de seleccion de niveles
12:16:32,725 TRACE Inicio:31 - Seleccionado nivel 1
12:16:32,728 TRACE Inicio:127 - Creados marcianos nivel 1
12:16:49,190 TRACE Inicio:110 - Has ganado
12:17:19,496 TRACE Inicio:36 - Se crean las distintas opciones de juego
12:17:20,666 TRACE Inicio:25 - Se inicia la pantalla de seleccion de niveles
12:17:21,592 TRACE Inicio:52 - Seleccionado nivel 3
12:17:21,595 TRACE Inicio:146 - Creados marcianos nivel 3
12:17:56,468 TRACE Inicio:36 - Se crean las distintas opciones de juego
12:17:57,598 TRACE Inicio:25 - Se inicia la pantalla de seleccion de niveles
12:17:59,425 TRACE Inicio:31 - Seleccionado nivel 1
12:17:59,428 TRACE Inicio:127 - Creados marcianos nivel 1
12:18:21,743 TRACE Inicio:36 - Se crean las distintas opciones de juego
12:18:22,791 TRACE Inicio:25 - Se inicia la pantalla de seleccion de niveles
12:18:23,233 TRACE Inicio:31 - Seleccionado nivel 1
12:18:23,234 TRACE Inicio:127 - Creados marcianos nivel 1
12:18:38,778 TRACE Inicio:110 - Has ganado
08:44:57,355 TRACE Inicio:36 - Se crean las distintas opciones de juego
08:44:58,931 TRACE Inicio:25 - Se inicia la pantalla de seleccion de niveles
08:45:00,475 TRACE Inicio:31 - Seleccionado nivel 1
08:45:00,475 TRACE Inicio:127 - Creados marcianos nivel 1
08:45:46,047 TRACE Inicio:36 - Se crean las distintas opciones de juego
08:45:47,591 TRACE Inicio:25 - Se inicia la pantalla de seleccion de niveles
08:45:48,387 TRACE Inicio:31 - Seleccionado nivel 1
08:45:48,387 TRACE Inicio:127 - Creados marcianos nivel 1
08:46:23,956 TRACE Inicio:172 - Final del juego-Game over
08:46:35,453 TRACE Inicio:36 - Se crean las distintas opciones de juego
08:46:36,951 TRACE Inicio:25 - Se inicia la pantalla de seleccion de niveles
08:46:37,903 TRACE Inicio:31 - Seleccionado nivel 1
08:46:37,903 TRACE Inicio:127 - Creados marcianos nivel 1
08:47:13,488 TRACE Inicio:172 - Final del juego-Game over
08:50:25,244 TRACE Inicio:36 - Se crean las distintas opciones de juego
08:51:16,007 TRACE Inicio:36 - Se crean las distintas opciones de juego
08:53:32,585 TRACE Inicio:36 - Se crean las distintas opciones de juego
08:54:26,967 TRACE Inicio:36 - Se crean las distintas opciones de juego
08:55:10,340 TRACE Inicio:36 - Se crean las distintas opciones de juego
08:57:30,384 TRACE Inicio:36 - Se crean las distintas opciones de juego
08:58:30,586 TRACE Inicio:36 - Se crean las distintas opciones de juego
08:58:46,905 TRACE Inicio:36 - Se crean las distintas opciones de juego
09:00:11,692 TRACE Inicio:36 - Se crean las distintas opciones de juego
09:00:13,595 TRACE Inicio:25 - Se inicia la pantalla de seleccion de niveles
09:00:15,717 TRACE Inicio:31 - Seleccionado nivel 1
09:00:15,717 TRACE Inicio:127 - Creados marcianos nivel 1
09:00:57,825 TRACE Inicio:36 - Se crean las distintas opciones de juego
09:00:59,853 TRACE Inicio:25 - Se inicia la pantalla de seleccion de niveles
09:01:00,711 TRACE Inicio:31 - Seleccionado nivel 1
09:01:00,711 TRACE Inicio:127 - Creados marcianos nivel 1
09:01:17,546 TRACE Inicio:36 - Se crean las distintas opciones de juego
09:01:19,230 TRACE Inicio:25 - Se inicia la pantalla de seleccion de niveles
09:01:19,854 TRACE Inicio:31 - Seleccionado nivel 1
09:01:19,854 TRACE Inicio:127 - Creados marcianos nivel 1
09:17:30,015 TRACE Inicio:36 - Se crean las distintas opciones de juego
09:17:31,668 TRACE Inicio:26 - Se inicia la pantalla de seleccion de niveles
09:22:18,816 TRACE Inicio:36 - Se crean las distintas opciones de juego
09:22:43,972 TRACE Inicio:26 - Se inicia la pantalla de seleccion de niveles
09:22:45,376 TRACE Inicio:32 - Seleccionado nivel 1
09:22:45,376 TRACE Inicio:121 - Creados marcianos nivel 1
09:23:10,194 TRACE Inicio:104 - Has ganado
09:57:12,833 TRACE Inicio:36 - Se crean las distintas opciones de juego
09:57:50,648 TRACE Inicio:36 - Se crean las distintas opciones de juego
09:59:49,475 TRACE Inicio:36 - Se crean las distintas opciones de juego
17:00:48,980 TRACE Inicio:36 - Se crean las distintas opciones de juego
17:01:02,925 TRACE Inicio:36 - Se crean las distintas opciones de juego
17:01:29,040 TRACE Inicio:36 - Se crean las distintas opciones de juego
17:02:21,176 TRACE Inicio:36 - Se crean las distintas opciones de juego
18:48:58,028 TRACE Inicio:36 - Se crean las distintas opciones de juego
18:49:00,320 TRACE Inicio:26 - Se inicia la pantalla de seleccion de niveles
18:49:06,518 TRACE Inicio:32 - Seleccionado nivel 1
18:49:06,520 TRACE Inicio:121 - Creados marcianos nivel 1
18:49:25,589 TRACE Inicio:104 - Has ganado
18:49:30,091 TRACE Inicio:36 - Se crean las distintas opciones de juego
18:49:31,564 TRACE Inicio:26 - Se inicia la pantalla de seleccion de niveles
18:49:32,540 TRACE Inicio:53 - Seleccionado nivel 3
18:49:32,542 TRACE Inicio:140 - Creados marcianos nivel 3
18:50:03,688 TRACE Inicio:166 - Final del juego-Game over
19:46:03,234 TRACE Inicio:36 - Se crean las distintas opciones de juego
19:46:11,299 TRACE Inicio:26 - Se inicia la pantalla de seleccion de niveles
19:46:12,672 TRACE Inicio:32 - Seleccionado nivel 1
19:46:12,676 TRACE Inicio:121 - Creados marcianos nivel 1
19:46:26,823 TRACE Inicio:104 - Has ganado
